<?xml version="1.0" encoding="UTF-8"?>
<!-- Generated by org.testng.reporters.JUnitXMLReporter -->
<testsuite hostname="LIN37000696" ignored="7" name="TmpTest" tests="4" failures="3" timestamp="01 May 2020 18:24:39 GMT" time="51.554" errors="0">
  <testcase name="TS03_TC_01_Oneway_Search_Business" time="8.654" classname="testCases.Flight_Test_Cases.Flight_TS_03">
    <failure type="org.openqa.selenium.NoSuchElementException" message="Unable to locate element: //*[@aria-label=&amp;apos;Sun Mar 22 2020&amp;apos;]
For documentation on this error, please visit: https://www.seleniumhq.org/exceptions/no_such_element.html
Build info: version: &amp;apos;3.141.59&amp;apos;, revision: &amp;apos;e82be7d358&amp;apos;, time: &amp;apos;2018-11-14T08:25:53&amp;apos;
System info: host: &amp;apos;LIN37000696&amp;apos;, ip: &amp;apos;192.168.225.209&amp;apos;, os.name: &amp;apos;Windows 10&amp;apos;, os.arch: &amp;apos;amd64&amp;apos;, os.version: &amp;apos;10.0&amp;apos;, java.version: &amp;apos;1.8.0_181&amp;apos;
Driver info: org.openqa.selenium.firefox.FirefoxDriver
Capabilities {acceptInsecureCerts: true, browserName: firefox, browserVersion: 74.0, javascriptEnabled: true, moz:accessibilityChecks: false, moz:buildID: 20200309095159, moz:geckodriverVersion: 0.24.0, moz:headless: false, moz:processID: 16040, moz:profile: C:\Users\saswamoh\AppData\L..., moz:shutdownTimeout: 60000, moz:useNonSpecCompliantPointerOrigin: false, moz:webdriverClick: true, pageLoadStrategy: normal, platform: WINDOWS, platformName: WINDOWS, platformVersion: 10.0, rotatable: false, setWindowRect: true, strictFileInteractability: false, timeouts: {implicit: 0, pageLoad: 300000, script: 30000}, unhandledPromptBehavior: dismiss and notify}
Session ID: 989f8e07-4cec-433e-8135-bd924cfc4715
*** Element info: {Using=xpath, value=//*[@aria-label=&amp;apos;Sun Mar 22 2020&amp;apos;]}">
      <![CDATA[org.openqa.selenium.NoSuchElementException: Unable to locate element: //*[@aria-label='Sun Mar 22 2020']
For documentation on this error, please visit: https://www.seleniumhq.org/exceptions/no_such_element.html
Build info: version: '3.141.59', revision: 'e82be7d358', time: '2018-11-14T08:25:53'
System info: host: 'LIN37000696', ip: '192.168.225.209', os.name: 'Windows 10', os.arch: 'amd64', os.version: '10.0', java.version: '1.8.0_181'
Driver info: org.openqa.selenium.firefox.FirefoxDriver
Capabilities {acceptInsecureCerts: true, browserName: firefox, browserVersion: 74.0, javascriptEnabled: true, moz:accessibilityChecks: false, moz:buildID: 20200309095159, moz:geckodriverVersion: 0.24.0, moz:headless: false, moz:processID: 16040, moz:profile: C:\Users\saswamoh\AppData\L..., moz:shutdownTimeout: 60000, moz:useNonSpecCompliantPointerOrigin: false, moz:webdriverClick: true, pageLoadStrategy: normal, platform: WINDOWS, platformName: WINDOWS, platformVersion: 10.0, rotatable: false, setWindowRect: true, strictFileInteractability: false, timeouts: {implicit: 0, pageLoad: 300000, script: 30000}, unhandledPromptBehavior: dismiss and notify}
Session ID: 989f8e07-4cec-433e-8135-bd924cfc4715
*** Element info: {Using=xpath, value=//*[@aria-label='Sun Mar 22 2020']}
at org.openqa.selenium.remote.http.W3CHttpResponseCodec.createException(W3CHttpResponseCodec.java:187)
at org.openqa.selenium.remote.http.W3CHttpResponseCodec.decode(W3CHttpResponseCodec.java:122)
at org.openqa.selenium.remote.http.W3CHttpResponseCodec.decode(W3CHttpResponseCodec.java:49)
at org.openqa.selenium.remote.HttpCommandExecutor.execute(HttpCommandExecutor.java:158)
at org.openqa.selenium.remote.service.DriverCommandExecutor.execute(DriverCommandExecutor.java:83)
at org.openqa.selenium.remote.RemoteWebDriver.execute(RemoteWebDriver.java:552)
at org.openqa.selenium.remote.RemoteWebDriver.findElement(RemoteWebDriver.java:323)
at org.openqa.selenium.remote.RemoteWebDriver.findElementByXPath(RemoteWebDriver.java:428)
at org.openqa.selenium.By$ByXPath.findElement(By.java:353)
at org.openqa.selenium.remote.RemoteWebDriver.findElement(RemoteWebDriver.java:315)
at pages.FlightSearch.enterFromDate(FlightSearch.java:96)
at testCases.Flight_Test_Cases.Flight_TS_03.TS03_TC_01_Oneway_Search_Business(Flight_TS_03.java:28)
at executionEngine.TestngXmlCreator.xmlCreator(TestngXmlCreator.java:79)
at executionEngine.TestngXmlCreator.main(TestngXmlCreator.java:85)
... Removed 26 stack frames]]>
    </failure>
  </testcase> <!-- TS03_TC_01_Oneway_Search_Business -->
  <testcase name="TS03_TC_01_Oneway_Search_Business" time="0.052" classname="testCases.Flight_Test_Cases.Flight_TS_03">
    <failure type="org.openqa.selenium.ElementClickInterceptedException" message="Element &amp;lt;li class=&amp;quot;selected&amp;quot;&amp;gt; is not clickable at point (241,181) because another element &amp;lt;div class=&amp;quot;hsBackDrop&amp;quot;&amp;gt; obscures it
Build info: version: &amp;apos;3.141.59&amp;apos;, revision: &amp;apos;e82be7d358&amp;apos;, time: &amp;apos;2018-11-14T08:25:53&amp;apos;
System info: host: &amp;apos;LIN37000696&amp;apos;, ip: &amp;apos;192.168.225.209&amp;apos;, os.name: &amp;apos;Windows 10&amp;apos;, os.arch: &amp;apos;amd64&amp;apos;, os.version: &amp;apos;10.0&amp;apos;, java.version: &amp;apos;1.8.0_181&amp;apos;
Driver info: org.openqa.selenium.firefox.FirefoxDriver
Capabilities {acceptInsecureCerts: true, browserName: firefox, browserVersion: 74.0, javascriptEnabled: true, moz:accessibilityChecks: false, moz:buildID: 20200309095159, moz:geckodriverVersion: 0.24.0, moz:headless: false, moz:processID: 16040, moz:profile: C:\Users\saswamoh\AppData\L..., moz:shutdownTimeout: 60000, moz:useNonSpecCompliantPointerOrigin: false, moz:webdriverClick: true, pageLoadStrategy: normal, platform: WINDOWS, platformName: WINDOWS, platformVersion: 10.0, rotatable: false, setWindowRect: true, strictFileInteractability: false, timeouts: {implicit: 0, pageLoad: 300000, script: 30000}, unhandledPromptBehavior: dismiss and notify}
Session ID: 989f8e07-4cec-433e-8135-bd924cfc4715">
      <![CDATA[org.openqa.selenium.ElementClickInterceptedException: Element <li class="selected"> is not clickable at point (241,181) because another element <div class="hsBackDrop"> obscures it
Build info: version: '3.141.59', revision: 'e82be7d358', time: '2018-11-14T08:25:53'
System info: host: 'LIN37000696', ip: '192.168.225.209', os.name: 'Windows 10', os.arch: 'amd64', os.version: '10.0', java.version: '1.8.0_181'
Driver info: org.openqa.selenium.firefox.FirefoxDriver
Capabilities {acceptInsecureCerts: true, browserName: firefox, browserVersion: 74.0, javascriptEnabled: true, moz:accessibilityChecks: false, moz:buildID: 20200309095159, moz:geckodriverVersion: 0.24.0, moz:headless: false, moz:processID: 16040, moz:profile: C:\Users\saswamoh\AppData\L..., moz:shutdownTimeout: 60000, moz:useNonSpecCompliantPointerOrigin: false, moz:webdriverClick: true, pageLoadStrategy: normal, platform: WINDOWS, platformName: WINDOWS, platformVersion: 10.0, rotatable: false, setWindowRect: true, strictFileInteractability: false, timeouts: {implicit: 0, pageLoad: 300000, script: 30000}, unhandledPromptBehavior: dismiss and notify}
Session ID: 989f8e07-4cec-433e-8135-bd924cfc4715
at org.openqa.selenium.remote.http.W3CHttpResponseCodec.createException(W3CHttpResponseCodec.java:187)
at org.openqa.selenium.remote.http.W3CHttpResponseCodec.decode(W3CHttpResponseCodec.java:122)
at org.openqa.selenium.remote.http.W3CHttpResponseCodec.decode(W3CHttpResponseCodec.java:49)
at org.openqa.selenium.remote.HttpCommandExecutor.execute(HttpCommandExecutor.java:158)
at org.openqa.selenium.remote.service.DriverCommandExecutor.execute(DriverCommandExecutor.java:83)
at org.openqa.selenium.remote.RemoteWebDriver.execute(RemoteWebDriver.java:552)
at org.openqa.selenium.remote.RemoteWebElement.execute(RemoteWebElement.java:285)
at org.openqa.selenium.remote.RemoteWebElement.click(RemoteWebElement.java:84)
at pages.FlightSearch.enterFrom(FlightSearch.java:34)
at testCases.Flight_Test_Cases.Flight_TS_03.TS03_TC_01_Oneway_Search_Business(Flight_TS_03.java:24)
at executionEngine.TestngXmlCreator.xmlCreator(TestngXmlCreator.java:79)
at executionEngine.TestngXmlCreator.main(TestngXmlCreator.java:85)
... Removed 26 stack frames]]>
    </failure>
  </testcase> <!-- TS03_TC_01_Oneway_Search_Business -->
  <testcase name="TS03_TC_01_Oneway_Search_Business" time="0.046" classname="testCases.Flight_Test_Cases.Flight_TS_03">
    <failure type="org.openqa.selenium.ElementClickInterceptedException" message="Element &amp;lt;li class=&amp;quot;selected&amp;quot;&amp;gt; is not clickable at point (241,181) because another element &amp;lt;div class=&amp;quot;hsBackDrop&amp;quot;&amp;gt; obscures it
Build info: version: &amp;apos;3.141.59&amp;apos;, revision: &amp;apos;e82be7d358&amp;apos;, time: &amp;apos;2018-11-14T08:25:53&amp;apos;
System info: host: &amp;apos;LIN37000696&amp;apos;, ip: &amp;apos;192.168.225.209&amp;apos;, os.name: &amp;apos;Windows 10&amp;apos;, os.arch: &amp;apos;amd64&amp;apos;, os.version: &amp;apos;10.0&amp;apos;, java.version: &amp;apos;1.8.0_181&amp;apos;
Driver info: org.openqa.selenium.firefox.FirefoxDriver
Capabilities {acceptInsecureCerts: true, browserName: firefox, browserVersion: 74.0, javascriptEnabled: true, moz:accessibilityChecks: false, moz:buildID: 20200309095159, moz:geckodriverVersion: 0.24.0, moz:headless: false, moz:processID: 16040, moz:profile: C:\Users\saswamoh\AppData\L..., moz:shutdownTimeout: 60000, moz:useNonSpecCompliantPointerOrigin: false, moz:webdriverClick: true, pageLoadStrategy: normal, platform: WINDOWS, platformName: WINDOWS, platformVersion: 10.0, rotatable: false, setWindowRect: true, strictFileInteractability: false, timeouts: {implicit: 0, pageLoad: 300000, script: 30000}, unhandledPromptBehavior: dismiss and notify}
Session ID: 989f8e07-4cec-433e-8135-bd924cfc4715">
      <![CDATA[org.openqa.selenium.ElementClickInterceptedException: Element <li class="selected"> is not clickable at point (241,181) because another element <div class="hsBackDrop"> obscures it
Build info: version: '3.141.59', revision: 'e82be7d358', time: '2018-11-14T08:25:53'
System info: host: 'LIN37000696', ip: '192.168.225.209', os.name: 'Windows 10', os.arch: 'amd64', os.version: '10.0', java.version: '1.8.0_181'
Driver info: org.openqa.selenium.firefox.FirefoxDriver
Capabilities {acceptInsecureCerts: true, browserName: firefox, browserVersion: 74.0, javascriptEnabled: true, moz:accessibilityChecks: false, moz:buildID: 20200309095159, moz:geckodriverVersion: 0.24.0, moz:headless: false, moz:processID: 16040, moz:profile: C:\Users\saswamoh\AppData\L..., moz:shutdownTimeout: 60000, moz:useNonSpecCompliantPointerOrigin: false, moz:webdriverClick: true, pageLoadStrategy: normal, platform: WINDOWS, platformName: WINDOWS, platformVersion: 10.0, rotatable: false, setWindowRect: true, strictFileInteractability: false, timeouts: {implicit: 0, pageLoad: 300000, script: 30000}, unhandledPromptBehavior: dismiss and notify}
Session ID: 989f8e07-4cec-433e-8135-bd924cfc4715
at org.openqa.selenium.remote.http.W3CHttpResponseCodec.createException(W3CHttpResponseCodec.java:187)
at org.openqa.selenium.remote.http.W3CHttpResponseCodec.decode(W3CHttpResponseCodec.java:122)
at org.openqa.selenium.remote.http.W3CHttpResponseCodec.decode(W3CHttpResponseCodec.java:49)
at org.openqa.selenium.remote.HttpCommandExecutor.execute(HttpCommandExecutor.java:158)
at org.openqa.selenium.remote.service.DriverCommandExecutor.execute(DriverCommandExecutor.java:83)
at org.openqa.selenium.remote.RemoteWebDriver.execute(RemoteWebDriver.java:552)
at org.openqa.selenium.remote.RemoteWebElement.execute(RemoteWebElement.java:285)
at org.openqa.selenium.remote.RemoteWebElement.click(RemoteWebElement.java:84)
at pages.FlightSearch.enterFrom(FlightSearch.java:34)
at testCases.Flight_Test_Cases.Flight_TS_03.TS03_TC_01_Oneway_Search_Business(Flight_TS_03.java:24)
at executionEngine.TestngXmlCreator.xmlCreator(TestngXmlCreator.java:79)
at executionEngine.TestngXmlCreator.main(TestngXmlCreator.java:85)
... Removed 26 stack frames]]>
    </failure>
  </testcase> <!-- TS03_TC_01_Oneway_Search_Business -->
  <testcase name="TS01_TC_01_Verify_Colour_Flight_Icon" time="0.242" classname="testCases.Flight_Test_Cases.Flight_TS_01"/>
  <testcase name="@BeforeSuite testcasese" time="0.0" classname="base.BasePage">
    <ignored/>
  </testcase> <!-- @BeforeSuite testcasese -->
  <testcase name="TS01_TC_05_Verify_Default_Dep_Date" time="0.0" classname="testCases.Flight_Test_Cases.Flight_TS_01">
    <ignored/>
  </testcase> <!-- TS01_TC_05_Verify_Default_Dep_Date -->
  <testcase name="TS01_TC_07_Verify_Default_Search_Btn" time="0.0" classname="testCases.Flight_Test_Cases.Flight_TS_01">
    <ignored/>
  </testcase> <!-- TS01_TC_07_Verify_Default_Search_Btn -->
  <testcase name="TS01_TC_04_Verify_Default_To_Field" time="0.0" classname="testCases.Flight_Test_Cases.Flight_TS_01">
    <ignored/>
  </testcase> <!-- TS01_TC_04_Verify_Default_To_Field -->
  <testcase name="TS01_TC_03_Verify_Default_From_Field" time="0.0" classname="testCases.Flight_Test_Cases.Flight_TS_01">
    <ignored/>
  </testcase> <!-- TS01_TC_03_Verify_Default_From_Field -->
  <testcase name="TS01_TC_06_Verify_Default_Arr_Date" time="0.0" classname="testCases.Flight_Test_Cases.Flight_TS_01">
    <ignored/>
  </testcase> <!-- TS01_TC_06_Verify_Default_Arr_Date -->
  <testcase name="TS01_TC_02_Verify_Default_TripType" time="0.0" classname="testCases.Flight_Test_Cases.Flight_TS_01">
    <ignored/>
  </testcase> <!-- TS01_TC_02_Verify_Default_TripType -->
</testsuite> <!-- TmpTest -->
